Determining if the pthread_create exist failed with the following output:
Change Dir: /home/dev/Documents/Elliot/MySpikingNetworks/CMakeFiles/CMakeTmp

Run Build Command:"/usr/bin/make" "cmTC_f480e/fast"
/usr/bin/make -f CMakeFiles/cmTC_f480e.dir/build.make CMakeFiles/cmTC_f480e.dir/build
make[1]: Entering directory '/home/dev/Documents/Elliot/MySpikingNetworks/CMakeFiles/CMakeTmp'
Building C object CMakeFiles/cmTC_f480e.dir/CheckSymbolExists.c.o
/usr/bin/cc    -fPIC    -o CMakeFiles/cmTC_f480e.dir/CheckSymbolExists.c.o   -c /home/dev/Documents/Elliot/MySpikingNetworks/CMakeFiles/CMakeTmp/CheckSymbolExists.c
Linking C executable cmTC_f480e
/usr/bin/cmake -E cmake_link_script CMakeFiles/cmTC_f480e.dir/link.txt --verbose=1
/usr/bin/cc  -fPIC     CMakeFiles/cmTC_f480e.dir/CheckSymbolExists.c.o  -o cmTC_f480e -rdynamic 
CMakeFiles/cmTC_f480e.dir/CheckSymbolExists.c.o: In function `main':
CheckSymbolExists.c:(.text+0x1b): undefined reference to `pthread_create'
collect2: error: ld returned 1 exit status
CMakeFiles/cmTC_f480e.dir/build.make:97: recipe for target 'cmTC_f480e' failed
make[1]: *** [cmTC_f480e] Error 1
make[1]: Leaving directory '/home/dev/Documents/Elliot/MySpikingNetworks/CMakeFiles/CMakeTmp'
Makefile:126: recipe for target 'cmTC_f480e/fast' failed
make: *** [cmTC_f480e/fast] Error 2

File /home/dev/Documents/Elliot/MySpikingNetworks/CMakeFiles/CMakeTmp/CheckSymbolExists.c:
/* */
#include <pthread.h>

int main(int argc, char** argv)
{
  (void)argv;
#ifndef pthread_create
  return ((int*)(&pthread_create))[argc];
#else
  (void)argc;
  return 0;
#endif
}

Determining if the function pthread_create exists in the pthreads failed with the following output:
Change Dir: /home/dev/Documents/Elliot/MySpikingNetworks/CMakeFiles/CMakeTmp

Run Build Command:"/usr/bin/make" "cmTC_74bbf/fast"
/usr/bin/make -f CMakeFiles/cmTC_74bbf.dir/build.make CMakeFiles/cmTC_74bbf.dir/build
make[1]: Entering directory '/home/dev/Documents/Elliot/MySpikingNetworks/CMakeFiles/CMakeTmp'
Building C object CMakeFiles/cmTC_74bbf.dir/CheckFunctionExists.c.o
/usr/bin/cc    -fPIC -DCHECK_FUNCTION_EXISTS=pthread_create   -o CMakeFiles/cmTC_74bbf.dir/CheckFunctionExists.c.o   -c /usr/share/cmake-3.5/Modules/CheckFunctionExists.c
Linking C executable cmTC_74bbf
/usr/bin/cmake -E cmake_link_script CMakeFiles/cmTC_74bbf.dir/link.txt --verbose=1
/usr/bin/cc  -fPIC -DCHECK_FUNCTION_EXISTS=pthread_create    CMakeFiles/cmTC_74bbf.dir/CheckFunctionExists.c.o  -o cmTC_74bbf -rdynamic -lpthreads 
/usr/bin/ld: cannot find -lpthreads
collect2: error: ld returned 1 exit status
CMakeFiles/cmTC_74bbf.dir/build.make:97: recipe for target 'cmTC_74bbf' failed
make[1]: *** [cmTC_74bbf] Error 1
make[1]: Leaving directory '/home/dev/Documents/Elliot/MySpikingNetworks/CMakeFiles/CMakeTmp'
Makefile:126: recipe for target 'cmTC_74bbf/fast' failed
make: *** [cmTC_74bbf/fast] Error 2


